2025-02-12 13:19:14,814 INFO: Searching for author: Sirapat Chiewchanwattana
2025-02-12 13:19:14,815 INFO: ====== WebDriver manager ======
2025-02-12 13:19:15,536 INFO: Get LATEST chromedriver version for google-chrome
2025-02-12 13:19:15,605 INFO: Get LATEST chromedriver version for google-chrome
2025-02-12 13:19:15,659 INFO: Driver [C:\Users\aekka\.wdm\drivers\chromedriver\win64\133.0.6943.53\chromedriver-win32/chromedriver.exe] found in cache
2025-02-12 13:26:09,396 INFO: Searching for author: Sirapat Chiewchanwattana
2025-02-12 13:26:09,396 INFO: ====== WebDriver manager ======
2025-02-12 13:26:10,089 INFO: Get LATEST chromedriver version for google-chrome
2025-02-12 13:26:10,150 INFO: Get LATEST chromedriver version for google-chrome
2025-02-12 13:26:10,209 INFO: Driver [C:\Users\aekka\.wdm\drivers\chromedriver\win64\133.0.6943.53\chromedriver-win32/chromedriver.exe] found in cache
2025-02-12 13:31:30,970 INFO: Searching for author: Sirapat Chiewchanwattana
2025-02-12 13:31:30,971 INFO: ====== WebDriver manager ======
2025-02-12 13:31:31,694 INFO: Get LATEST chromedriver version for google-chrome
2025-02-12 13:31:31,751 INFO: Get LATEST chromedriver version for google-chrome
2025-02-12 13:31:31,812 INFO: Driver [C:\Users\aekka\.wdm\drivers\chromedriver\win64\133.0.6943.53\chromedriver-win32/chromedriver.exe] found in cache
2025-02-12 13:33:00,742 INFO: Searching for author: Sirapat Chiewchanwattana
2025-02-12 13:33:00,742 INFO: ====== WebDriver manager ======
2025-02-12 13:33:01,527 INFO: Get LATEST chromedriver version for google-chrome
2025-02-12 13:33:01,660 INFO: Get LATEST chromedriver version for google-chrome
2025-02-12 13:33:01,751 INFO: Driver [C:\Users\aekka\.wdm\drivers\chromedriver\win64\133.0.6943.53\chromedriver-win32/chromedriver.exe] found in cache
2025-02-12 13:41:44,426 INFO: Searching for author: Sirapat Chiewchanwattana
2025-02-12 13:41:44,426 INFO: ====== WebDriver manager ======
2025-02-12 13:41:45,110 INFO: Get LATEST chromedriver version for google-chrome
2025-02-12 13:41:45,177 INFO: Get LATEST chromedriver version for google-chrome
2025-02-12 13:41:45,237 INFO: Driver [C:\Users\aekka\.wdm\drivers\chromedriver\win64\133.0.6943.53\chromedriver-win32/chromedriver.exe] found in cache
2025-02-12 13:45:10,371 INFO: Searching for author: Sirapat Chiewchanwattana
2025-02-12 13:45:10,372 INFO: ====== WebDriver manager ======
2025-02-12 13:45:11,070 INFO: Get LATEST chromedriver version for google-chrome
2025-02-12 13:45:11,130 INFO: Get LATEST chromedriver version for google-chrome
2025-02-12 13:45:11,191 INFO: Driver [C:\Users\aekka\.wdm\drivers\chromedriver\win64\133.0.6943.53\chromedriver-win32/chromedriver.exe] found in cache
2025-02-12 13:56:47,962 INFO: Searching for author: Sirapat Chiewchanwattana
2025-02-12 13:56:47,962 INFO: ====== WebDriver manager ======
2025-02-12 13:56:48,764 INFO: Get LATEST chromedriver version for google-chrome
2025-02-12 13:56:48,850 INFO: Get LATEST chromedriver version for google-chrome
2025-02-12 13:56:48,951 INFO: Driver [C:\Users\aekka\.wdm\drivers\chromedriver\win64\133.0.6943.53\chromedriver-win32/chromedriver.exe] found in cache
2025-02-12 13:58:53,956 INFO: Searching for author: Sirapat Chiewchanwattana
2025-02-12 13:58:53,956 INFO: ====== WebDriver manager ======
2025-02-12 13:58:54,709 INFO: Get LATEST chromedriver version for google-chrome
2025-02-12 13:58:54,771 INFO: Get LATEST chromedriver version for google-chrome
2025-02-12 13:58:54,822 INFO: Driver [C:\Users\aekka\.wdm\drivers\chromedriver\win64\133.0.6943.53\chromedriver-win32/chromedriver.exe] found in cache
2025-02-12 14:05:57,495 INFO: Searching for author: Sirapat Chiewchanwattana
2025-02-12 14:05:57,495 INFO: ====== WebDriver manager ======
2025-02-12 14:05:58,220 INFO: Get LATEST chromedriver version for google-chrome
2025-02-12 14:05:58,280 INFO: Get LATEST chromedriver version for google-chrome
2025-02-12 14:05:58,338 INFO: Driver [C:\Users\aekka\.wdm\drivers\chromedriver\win64\133.0.6943.53\chromedriver-win32/chromedriver.exe] found in cache
2025-02-12 14:13:25,357 INFO: Searching for author: Sirapat Chiewchanwattana
2025-02-12 14:13:25,357 INFO: ====== WebDriver manager ======
2025-02-12 14:13:26,109 INFO: Get LATEST chromedriver version for google-chrome
2025-02-12 14:13:26,330 INFO: Get LATEST chromedriver version for google-chrome
2025-02-12 14:13:26,418 INFO: Driver [C:\Users\aekka\.wdm\drivers\chromedriver\win64\133.0.6943.53\chromedriver-win32/chromedriver.exe] found in cache
2025-02-12 14:14:32,121 INFO: Searching for author: Sirapat Chiewchanwattana
2025-02-12 14:14:32,121 INFO: ====== WebDriver manager ======
2025-02-12 14:14:32,822 INFO: Get LATEST chromedriver version for google-chrome
2025-02-12 14:14:32,968 INFO: Get LATEST chromedriver version for google-chrome
2025-02-12 14:14:33,040 INFO: Driver [C:\Users\aekka\.wdm\drivers\chromedriver\win64\133.0.6943.53\chromedriver-win32/chromedriver.exe] found in cache
2025-02-12 14:29:18,004 INFO: Searching for author: Sirapat Chiewchanwattana
2025-02-12 14:29:18,004 INFO: ====== WebDriver manager ======
2025-02-12 14:29:18,760 INFO: Get LATEST chromedriver version for google-chrome
2025-02-12 14:29:19,128 INFO: Get LATEST chromedriver version for google-chrome
2025-02-12 14:29:19,203 INFO: Driver [C:\Users\aekka\.wdm\drivers\chromedriver\win64\133.0.6943.53\chromedriver-win32/chromedriver.exe] found in cache
2025-02-12 14:31:58,349 INFO: Searching for author: Sirapat Chiewchanwattana
2025-02-12 14:31:58,350 INFO: ====== WebDriver manager ======
2025-02-12 14:31:59,122 INFO: Get LATEST chromedriver version for google-chrome
2025-02-12 14:31:59,179 INFO: Get LATEST chromedriver version for google-chrome
2025-02-12 14:31:59,228 INFO: Driver [C:\Users\aekka\.wdm\drivers\chromedriver\win64\133.0.6943.53\chromedriver-win32/chromedriver.exe] found in cache
2025-02-12 15:08:42,003 INFO: Searching for author: Sirapat Chiewchanwattana
2025-02-12 15:08:42,003 INFO: ====== WebDriver manager ======
2025-02-12 15:08:42,728 INFO: Get LATEST chromedriver version for google-chrome
2025-02-12 15:08:42,872 INFO: Get LATEST chromedriver version for google-chrome
2025-02-12 15:08:42,954 INFO: Driver [C:\Users\aekka\.wdm\drivers\chromedriver\win64\133.0.6943.53\chromedriver-win32/chromedriver.exe] found in cache
2025-02-12 15:11:03,414 INFO: Searching for author: Sirapat Chiewchanwattana
2025-02-12 15:11:03,414 INFO: ====== WebDriver manager ======
2025-02-12 15:11:04,113 INFO: Get LATEST chromedriver version for google-chrome
2025-02-12 15:11:04,177 INFO: Get LATEST chromedriver version for google-chrome
2025-02-12 15:11:04,807 INFO: Driver [C:\Users\aekka\.wdm\drivers\chromedriver\win64\133.0.6943.53\chromedriver-win32/chromedriver.exe] found in cache
2025-02-12 15:15:18,167 INFO: Searching for author: Sirapat Chiewchanwattana
2025-02-12 15:15:18,167 INFO: ====== WebDriver manager ======
2025-02-12 15:15:18,989 INFO: Get LATEST chromedriver version for google-chrome
2025-02-12 15:15:19,058 INFO: Get LATEST chromedriver version for google-chrome
2025-02-12 15:15:19,815 INFO: Driver [C:\Users\aekka\.wdm\drivers\chromedriver\win64\133.0.6943.53\chromedriver-win32/chromedriver.exe] found in cache
2025-02-12 15:17:06,458 INFO: Searching for author: Sirapat Chiewchanwattana
2025-02-12 15:17:06,458 INFO: ====== WebDriver manager ======
2025-02-12 15:17:07,147 INFO: Get LATEST chromedriver version for google-chrome
2025-02-12 15:17:07,202 INFO: Get LATEST chromedriver version for google-chrome
2025-02-12 15:17:07,261 INFO: Driver [C:\Users\aekka\.wdm\drivers\chromedriver\win64\133.0.6943.53\chromedriver-win32/chromedriver.exe] found in cache
2025-02-12 15:20:27,674 INFO: Searching for author: Sirapat Chiewchanwattana
2025-02-12 15:20:27,675 INFO: ====== WebDriver manager ======
2025-02-12 15:20:28,488 INFO: Get LATEST chromedriver version for google-chrome
2025-02-12 15:20:28,572 INFO: Get LATEST chromedriver version for google-chrome
2025-02-12 15:20:29,259 INFO: Driver [C:\Users\aekka\.wdm\drivers\chromedriver\win64\133.0.6943.53\chromedriver-win32/chromedriver.exe] found in cache
2025-02-12 15:37:07,297 INFO: Searching for author: Sirapat Chiewchanwattana
2025-02-12 15:37:07,297 INFO: ====== WebDriver manager ======
2025-02-12 15:37:08,080 INFO: Get LATEST chromedriver version for google-chrome
2025-02-12 15:37:08,311 INFO: Get LATEST chromedriver version for google-chrome
2025-02-12 15:37:08,451 INFO: Driver [C:\Users\aekka\.wdm\drivers\chromedriver\win64\133.0.6943.53\chromedriver-win32/chromedriver.exe] found in cache
2025-02-12 15:45:11,865 INFO: Searching for author: Sirapat Chiewchanwattana
2025-02-12 15:45:11,865 INFO: ====== WebDriver manager ======
2025-02-12 15:45:12,593 INFO: Get LATEST chromedriver version for google-chrome
2025-02-12 15:45:12,652 INFO: Get LATEST chromedriver version for google-chrome
2025-02-12 15:45:12,706 INFO: Driver [C:\Users\aekka\.wdm\drivers\chromedriver\win64\133.0.6943.53\chromedriver-win32/chromedriver.exe] found in cache
2025-02-12 15:45:57,996 INFO: Searching for author: Sirapat Chiewchanwattana
2025-02-12 15:45:57,996 INFO: ====== WebDriver manager ======
2025-02-12 15:45:58,730 INFO: Get LATEST chromedriver version for google-chrome
2025-02-12 15:45:58,798 INFO: Get LATEST chromedriver version for google-chrome
2025-02-12 15:45:58,887 INFO: Driver [C:\Users\aekka\.wdm\drivers\chromedriver\win64\133.0.6943.53\chromedriver-win32/chromedriver.exe] found in cache
2025-02-12 15:59:10,984 INFO: Searching for author: Sirapat Chiewchanwattana
2025-02-12 15:59:10,984 INFO: ====== WebDriver manager ======
2025-02-12 15:59:11,739 INFO: Get LATEST chromedriver version for google-chrome
2025-02-12 15:59:11,795 INFO: Get LATEST chromedriver version for google-chrome
2025-02-12 15:59:11,854 INFO: Driver [C:\Users\aekka\.wdm\drivers\chromedriver\win64\133.0.6943.53\chromedriver-win32/chromedriver.exe] found in cache
2025-02-12 16:02:55,773 INFO: Searching for author: Sirapat Chiewchanwattana
2025-02-12 16:02:55,773 INFO: ====== WebDriver manager ======
2025-02-12 16:02:56,535 INFO: Get LATEST chromedriver version for google-chrome
2025-02-12 16:02:56,608 INFO: Get LATEST chromedriver version for google-chrome
2025-02-12 16:02:56,651 INFO: Driver [C:\Users\aekka\.wdm\drivers\chromedriver\win64\133.0.6943.53\chromedriver-win32/chromedriver.exe] found in cache
2025-02-12 18:24:07,380 INFO: Searching for author: Sirapat Chiewchanwattana
2025-02-12 18:24:07,380 INFO: ====== WebDriver manager ======
2025-02-12 18:24:08,172 INFO: Get LATEST chromedriver version for google-chrome
2025-02-12 18:24:09,370 INFO: Get LATEST chromedriver version for google-chrome
2025-02-12 18:24:09,439 INFO: Driver [C:\Users\aekka\.wdm\drivers\chromedriver\win64\133.0.6943.53\chromedriver-win32/chromedriver.exe] found in cache
2025-02-12 18:24:24,965 INFO: Searching for author: Sirapat Chiewchanwattana
2025-02-12 18:24:24,965 INFO: ====== WebDriver manager ======
2025-02-12 18:24:25,779 INFO: Get LATEST chromedriver version for google-chrome
2025-02-12 18:24:25,834 INFO: Get LATEST chromedriver version for google-chrome
2025-02-12 18:24:25,897 INFO: Driver [C:\Users\aekka\.wdm\drivers\chromedriver\win64\133.0.6943.53\chromedriver-win32/chromedriver.exe] found in cache
2025-02-12 23:00:20,844 INFO: Searching for author: Sartra Wongthanavasu
2025-02-12 23:00:20,845 INFO: ====== WebDriver manager ======
2025-02-12 23:00:21,781 INFO: Get LATEST chromedriver version for google-chrome
2025-02-12 23:00:22,120 INFO: Get LATEST chromedriver version for google-chrome
2025-02-12 23:00:22,438 INFO: Driver [C:\Users\aekka\.wdm\drivers\chromedriver\win64\133.0.6943.53\chromedriver-win32/chromedriver.exe] found in cache
2025-02-12 23:09:23,523 INFO: Searching for author: Sirapat Chiewchanwattana
2025-02-12 23:09:23,523 INFO: ====== WebDriver manager ======
2025-02-12 23:09:24,153 INFO: Get LATEST chromedriver version for google-chrome
2025-02-12 23:09:24,818 INFO: Get LATEST chromedriver version for google-chrome
2025-02-12 23:09:24,998 INFO: Driver [C:\Users\aekka\.wdm\drivers\chromedriver\win64\133.0.6943.53\chromedriver-win32/chromedriver.exe] found in cache
2025-02-12 23:14:56,556 INFO: Searching for author (English): Sirapat Chiewchanwattana
2025-02-12 23:14:56,556 INFO: Searching for author (Thai): \u0e2a\u0e34\u0e23\u0e20\u0e31\u0e17\u0e23 \u0e40\u0e0a\u0e35\u0e48\u0e22\u0e27\u0e0a\u0e32\u0e0d\u0e27\u0e31\u0e12\u0e19\u0e32
2025-02-12 23:14:56,558 INFO: ====== WebDriver manager ======
2025-02-12 23:14:57,266 INFO: Get LATEST chromedriver version for google-chrome
2025-02-12 23:14:57,429 INFO: Get LATEST chromedriver version for google-chrome
2025-02-12 23:14:57,638 INFO: Driver [C:\Users\aekka\.wdm\drivers\chromedriver\win64\133.0.6943.53\chromedriver-win32/chromedriver.exe] found in cache
2025-02-12 23:19:00,708 INFO: Searching for author (English): Sirapat Chiewchanwattana
2025-02-12 23:19:00,708 INFO: Searching for author (Thai): \u0e2a\u0e34\u0e23\u0e20\u0e31\u0e17\u0e23 \u0e40\u0e0a\u0e35\u0e48\u0e22\u0e27\u0e0a\u0e32\u0e0d\u0e27\u0e31\u0e12\u0e19\u0e32
2025-02-12 23:19:00,708 INFO: ====== WebDriver manager ======
2025-02-12 23:19:01,375 INFO: Get LATEST chromedriver version for google-chrome
2025-02-12 23:19:01,541 INFO: Get LATEST chromedriver version for google-chrome
2025-02-12 23:19:01,674 INFO: Driver [C:\Users\aekka\.wdm\drivers\chromedriver\win64\133.0.6943.53\chromedriver-win32/chromedriver.exe] found in cache
2025-02-24 19:54:45,179 INFO: Searching for author (English): Sartra Wongthanavasu
2025-02-24 19:54:45,180 INFO: Searching for author (Thai): \u0e28\u0e32\u0e2a\u0e15\u0e23\u0e32 \u0e27\u0e07\u0e28\u0e4c\u0e18\u0e19\u0e27\u0e2a\u0e38
2025-02-24 19:54:45,180 INFO: ====== WebDriver manager ======
2025-02-24 19:54:45,896 INFO: Get LATEST chromedriver version for google-chrome
2025-02-24 19:54:45,999 INFO: Get LATEST chromedriver version for google-chrome
2025-02-24 19:54:46,050 INFO: There is no [win64] chromedriver "133.0.6943.126" for browser google-chrome "133.0.6943" in cache
2025-02-24 19:54:46,050 INFO: Get LATEST chromedriver version for google-chrome
2025-02-24 19:54:46,443 INFO: WebDriver version 133.0.6943.126 selected
2025-02-24 19:54:46,445 INFO: Modern chrome version https://storage.googleapis.com/chrome-for-testing-public/133.0.6943.126/win32/chromedriver-win32.zip
2025-02-24 19:54:46,445 INFO: About to download new driver from https://storage.googleapis.com/chrome-for-testing-public/133.0.6943.126/win32/chromedriver-win32.zip
2025-02-24 19:54:46,654 INFO: Driver downloading response is 200
2025-02-24 19:54:48,041 INFO: Get LATEST chromedriver version for google-chrome
2025-02-24 19:54:48,345 INFO: Driver has been saved in cache [C:\Users\aekka\.wdm\drivers\chromedriver\win64\133.0.6943.126]
